<?xml version="1.0" encoding="UTF-8"?>
<testng-results ignored="0" total="0" passed="0" failed="0" skipped="0">
  <reporter-output>
  </reporter-output>
  <suite started-at="2020-09-21T06:35:47Z" name="Default suite" finished-at="2020-09-21T06:35:47Z" duration-ms="264">
    <groups>
      <group name="cucumber">
        <method signature="AbstractTestNGCucumberTests.runScenario(io.cucumber.testng.PickleWrapper, io.cucumber.testng.FeatureWrapper)[pri:0, instance:com.cucumber.runner.CucumberRunner@3e8c3cb]" name="runScenario" class="io.cucumber.testng.AbstractTestNGCucumberTests"/>
      </group> <!-- cucumber -->
    </groups>
    <test started-at="2020-09-21T06:35:47Z" name="Default test" finished-at="2020-09-21T06:35:47Z" duration-ms="264">
      <class name="com.cucumber.runner.CucumberRunner">
        <test-method is-config="true" signature="setUpClass()[pri:0, instance:com.cucumber.runner.CucumberRunner@3e8c3cb]" started-at="2020-09-21T06:35:47Z" name="setUpClass" finished-at="2020-09-21T06:35:47Z" duration-ms="229" status="PASS">
          <reporter-output>
          </reporter-output>
        </test-method> <!-- setUpClass -->
        <test-method is-config="true" signature="tearDownClass()[pri:0, instance:com.cucumber.runner.CucumberRunner@3e8c3cb]" started-at="2020-09-21T06:35:47Z" name="tearDownClass" finished-at="2020-09-21T06:35:47Z" duration-ms="13" status="PASS">
          <reporter-output>
          </reporter-output>
        </test-method> <!-- tearDownClass -->
      </class> <!-- com.cucumber.runner.CucumberRunner -->
    </test> <!-- Default test -->
  </suite> <!-- Default suite -->
</testng-results>
